2025-01-02 02:25:20,735 - ERROR - This is an error message test
2025-01-02 02:25:39,462 - ERROR - This is an error message test
2025-01-02 02:27:33,056 - ERROR - Error occurred: Laboratory
2025-01-02 02:33:42,695 - ERROR - This is an error message test
2025-01-02 02:33:57,249 - ERROR - Error occurred: Laboratory
2025-01-02 02:35:46,628 - ERROR - This is an error message test
2025-01-02 02:35:48,198 - ERROR - Error occurred: 'ServiceBookingDetail' object has no attribute 'booking_type'
2025-01-02 02:35:54,178 - ERROR - Error occurred: 'ServiceBookingDetail' object has no attribute 'booking_type'
2025-01-02 02:36:00,170 - ERROR - Error occurred: 'ServiceBookingDetail' object has no attribute 'booking_type'
2025-01-02 02:41:43,125 - ERROR - This is an error message test
2025-01-02 02:41:43,174 - ERROR - Error occurred: 'list' object has no attribute 'booking_type'
2025-01-02 02:41:49,600 - ERROR - Error occurred: 'list' object has no attribute 'booking_type'
2025-01-02 02:42:54,984 - ERROR - This is an error message test
2025-01-02 02:42:58,799 - ERROR - Error occurred: Laboratory
2025-01-02 02:43:54,967 - ERROR - This is an error message test
2025-01-02 02:44:01,813 - ERROR - Error occurred: Laboratory
2025-01-02 02:45:09,011 - ERROR - This is an error message test
2025-01-02 02:47:07,331 - ERROR - This is an error message test
2025-01-02 02:48:22,597 - ERROR - This is an error message test
2025-01-02 02:49:59,978 - ERROR - This is an error message test
2025-01-02 02:54:48,579 - ERROR - This is an error message test
2025-01-02 02:57:18,593 - ERROR - This is an error message test
2025-01-02 03:00:26,668 - ERROR - This is an error message test
2025-01-02 03:03:55,059 - ERROR - This is an error message test
2025-01-02 03:06:55,266 - ERROR - This is an error message test
2025-01-02 12:07:42,378 - ERROR - This is an error message test
2025-01-02 12:50:59,548 - ERROR - This is an error message test
2025-01-02 19:44:47,240 - ERROR - This is an error message test
2025-01-02 21:52:21,249 - ERROR - This is an error message test
2025-01-02 22:03:59,069 - ERROR - This is an error message test
2025-01-03 03:23:24,073 - ERROR - This is an error message test
2025-01-03 03:29:34,444 - ERROR - This is an error message test
2025-01-03 16:13:27,571 - ERROR - This is an error message test
2025-01-04 03:53:05,990 - ERROR - This is an error message test
2025-01-05 00:33:12,137 - ERROR - This is an error message test
2025-01-05 01:22:30,466 - ERROR - This is an error message test
2025-01-05 01:24:46,930 - ERROR - This is an error message test
2025-01-05 01:25:13,956 - ERROR - This is an error message test
2025-01-05 01:36:39,187 - ERROR - This is an error message test
2025-01-05 01:41:42,604 - ERROR - This is an error message test
2025-01-05 01:43:26,348 - ERROR - This is an error message test
2025-01-05 01:43:57,667 - ERROR - This is an error message test
2025-01-05 09:19:46,133 - ERROR - This is an error message test
2025-01-05 09:22:45,717 - ERROR - This is an error message test
2025-01-05 09:23:14,680 - ERROR - This is an error message test
2025-01-05 09:24:49,760 - ERROR - This is an error message test
2025-01-05 09:25:45,330 - ERROR - This is an error message test
2025-01-05 09:29:28,127 - ERROR - This is an error message test
2025-01-05 23:40:08,327 - ERROR - This is an error message test
2025-01-05 23:42:26,054 - ERROR - This is an error message test
2025-01-05 23:43:08,623 - ERROR - This is an error message test
2025-01-05 23:45:09,435 - ERROR - This is an error message test
2025-01-05 23:45:30,632 - ERROR - This is an error message test
2025-01-05 23:46:53,008 - ERROR - This is an error message test
2025-01-05 23:50:08,141 - ERROR - This is an error message test
2025-01-05 23:52:32,005 - ERROR - This is an error message test
2025-01-06 00:42:47,893 - ERROR - This is an error message test
2025-01-06 01:02:24,407 - ERROR - This is an error message test
2025-01-06 01:02:33,211 - ERROR - This is an error message test
2025-01-06 01:08:52,104 - ERROR - This is an error message test
2025-01-06 01:35:33,658 - ERROR - This is an error message test
2025-01-06 01:38:27,874 - ERROR - This is an error message test
2025-01-06 01:39:01,256 - ERROR - This is an error message test
2025-01-06 01:45:52,088 - ERROR - This is an error message test
2025-01-06 01:54:22,732 - ERROR - This is an error message test
2025-01-06 01:56:19,220 - ERROR - This is an error message test
2025-01-06 01:57:28,113 - ERROR - This is an error message test
2025-01-07 03:36:59,001 - ERROR - This is an error message test
2025-01-08 00:22:39,109 - ERROR - This is an error message test
2025-01-08 00:23:10,547 - ERROR - This is an error message test
2025-01-08 00:28:29,423 - ERROR - This is an error message test
2025-01-08 00:28:59,804 - ERROR - This is an error message test
2025-01-08 00:40:37,774 - ERROR - This is an error message test
2025-01-08 00:40:48,532 - ERROR - This is an error message test
2025-01-08 01:36:34,104 - ERROR - This is an error message test
2025-01-08 01:36:44,501 - ERROR - This is an error message test
2025-01-08 01:42:22,236 - ERROR - This is an error message test
2025-01-08 01:47:29,003 - ERROR - This is an error message test
2025-01-08 01:50:05,738 - ERROR - This is an error message test
2025-01-08 02:05:14,166 - ERROR - This is an error message test
2025-01-08 02:21:05,446 - ERROR - This is an error message test
2025-01-08 03:16:26,573 - ERROR - This is an error message test
2025-01-11 00:49:27,564 - ERROR - This is an error message test
2025-01-11 00:49:43,612 - ERROR - This is an error message test
2025-01-11 00:51:52,761 - ERROR - This is an error message test
2025-01-11 00:51:58,651 - ERROR - This is an error message test
2025-01-11 01:40:12,593 - ERROR - This is an error message test
2025-01-11 01:48:28,387 - ERROR - This is an error message test
2025-01-11 02:11:57,797 - ERROR - This is an error message test
2025-01-11 02:13:16,045 - ERROR - This is an error message test
2025-01-11 02:13:55,947 - ERROR - This is an error message test
2025-01-11 02:19:27,651 - ERROR - This is an error message test
2025-01-11 02:24:16,164 - ERROR - This is an error message test
2025-01-11 02:24:28,152 - ERROR - This is an error message test
2025-01-11 02:26:45,975 - ERROR - This is an error message test
2025-01-11 02:29:04,862 - ERROR - This is an error message test
2025-01-11 02:29:33,421 - ERROR - This is an error message test
2025-01-11 02:33:02,712 - ERROR - This is an error message test
2025-01-11 02:40:34,527 - ERROR - This is an error message test
2025-01-11 02:47:10,103 - ERROR - This is an error message test
2025-01-11 02:48:03,088 - ERROR - This is an error message test
2025-01-11 02:48:45,184 - ERROR - This is an error message test
2025-01-11 03:40:43,254 - ERROR - This is an error message test
2025-01-11 03:54:57,276 - ERROR - This is an error message test
2025-01-11 04:07:58,728 - ERROR - This is an error message test
2025-01-11 04:14:31,060 - ERROR - This is an error message test
2025-01-11 04:18:15,576 - ERROR - This is an error message test
2025-01-11 04:25:51,306 - ERROR - This is an error message test
2025-01-11 05:26:46,097 - ERROR - This is an error message test
2025-01-11 06:12:02,750 - ERROR - This is an error message test
2025-01-11 06:12:47,843 - ERROR - This is an error message test
2025-01-11 06:13:46,547 - ERROR - This is an error message test
2025-01-11 08:42:52,437 - ERROR - This is an error message test
2025-01-11 08:43:20,203 - ERROR - This is an error message test
2025-01-13 23:21:30,931 - ERROR - This is an error message test
2025-01-13 23:21:40,510 - ERROR - This is an error message test
2025-01-14 01:40:50,746 - ERROR - This is an error message test
2025-01-14 01:41:15,627 - ERROR - This is an error message test
2025-01-14 02:34:11,663 - ERROR - This is an error message test
2025-01-14 03:29:24,274 - ERROR - This is an error message test
2025-01-14 03:31:33,094 - ERROR - This is an error message test
2025-01-14 03:34:39,449 - ERROR - This is an error message test
2025-01-14 03:34:47,499 - ERROR - This is an error message test
2025-01-14 04:00:54,798 - ERROR - This is an error message test
2025-01-14 04:06:26,367 - ERROR - This is an error message test
2025-01-14 04:19:34,526 - ERROR - This is an error message test
2025-01-14 04:34:12,949 - ERROR - This is an error message test
2025-01-14 04:41:36,650 - ERROR - This is an error message test
2025-01-14 04:44:48,144 - ERROR - This is an error message test
2025-01-14 04:46:29,736 - ERROR - This is an error message test
2025-01-14 04:49:06,841 - ERROR - This is an error message test
2025-01-14 04:49:46,384 - ERROR - This is an error message test
2025-01-14 04:50:48,079 - ERROR - This is an error message test
2025-01-14 04:51:20,180 - ERROR - This is an error message test
2025-01-14 04:52:30,264 - ERROR - This is an error message test
2025-01-14 04:56:01,657 - ERROR - This is an error message test
2025-01-14 23:30:33,015 - ERROR - This is an error message test
2025-01-14 23:41:33,550 - ERROR - This is an error message test
2025-01-15 00:03:59,532 - ERROR - This is an error message test
2025-01-15 00:04:31,415 - ERROR - This is an error message test
2025-01-15 00:25:00,685 - ERROR - This is an error message test
2025-01-15 00:53:47,401 - ERROR - This is an error message test
2025-01-15 01:21:59,374 - ERROR - This is an error message test
2025-01-15 01:25:35,226 - ERROR - This is an error message test
2025-01-15 01:48:53,347 - ERROR - This is an error message test
2025-01-15 02:06:05,532 - ERROR - This is an error message test
2025-01-15 02:06:41,294 - ERROR - This is an error message test
2025-01-15 02:26:51,228 - ERROR - This is an error message test
2025-01-15 02:46:42,873 - ERROR - This is an error message test
2025-01-15 02:55:01,579 - ERROR - This is an error message test
2025-01-15 03:05:06,598 - ERROR - This is an error message test
2025-01-15 03:05:30,564 - ERROR - This is an error message test
2025-01-15 03:15:01,864 - ERROR - This is an error message test
2025-01-15 03:15:15,632 - ERROR - This is an error message test
2025-01-15 03:17:22,789 - ERROR - This is an error message test
2025-01-15 03:20:41,102 - ERROR - This is an error message test
2025-01-15 04:02:28,195 - ERROR - This is an error message test
2025-01-15 04:14:05,699 - ERROR - This is an error message test
2025-01-15 04:17:15,214 - ERROR - This is an error message test
2025-01-15 04:25:56,901 - ERROR - This is an error message test
2025-01-15 04:35:31,617 - ERROR - This is an error message test
2025-01-15 04:38:12,213 - ERROR - This is an error message test
2025-01-15 04:44:10,849 - ERROR - This is an error message test
2025-01-15 04:45:26,096 - ERROR - This is an error message test
2025-01-15 04:45:45,594 - ERROR - This is an error message test
2025-01-15 04:48:05,357 - ERROR - This is an error message test
2025-01-16 04:21:36,995 - ERROR - This is an error message test
2025-01-16 04:23:01,840 - ERROR - This is an error message test
2025-01-16 04:25:18,064 - ERROR - This is an error message test
2025-01-16 04:26:00,198 - ERROR - This is an error message test
2025-01-16 04:34:19,330 - ERROR - This is an error message test
2025-01-16 04:35:33,219 - ERROR - This is an error message test
2025-01-16 04:37:25,955 - ERROR - This is an error message test
2025-01-16 04:45:23,919 - ERROR - This is an error message test
2025-01-16 04:47:12,398 - ERROR - This is an error message test
2025-01-17 00:36:13,745 - ERROR - This is an error message test
2025-01-19 01:01:04,296 - ERROR - This is an error message test
2025-01-19 02:59:24,402 - ERROR - This is an error message test
2025-01-19 03:07:07,638 - ERROR - This is an error message test
2025-01-19 03:12:19,790 - ERROR - This is an error message test
2025-01-19 03:13:24,703 - ERROR - This is an error message test
2025-01-19 03:14:23,887 - ERROR - This is an error message test
2025-01-19 04:03:42,109 - ERROR - This is an error message test
2025-01-20 00:44:01,657 - ERROR - This is an error message test
2025-01-20 00:59:32,842 - ERROR - This is an error message test
2025-01-20 01:00:00,977 - ERROR - This is an error message test
2025-01-20 01:00:12,921 - ERROR - This is an error message test
2025-01-20 01:07:36,309 - ERROR - This is an error message test
2025-01-20 01:08:42,188 - ERROR - This is an error message test
2025-01-20 01:11:30,886 - ERROR - This is an error message test
2025-01-20 01:15:17,934 - ERROR - This is an error message test
2025-01-20 01:17:06,443 - ERROR - This is an error message test
2025-01-20 01:19:29,545 - ERROR - This is an error message test
2025-01-20 01:20:40,186 - ERROR - This is an error message test
2025-01-20 01:20:52,620 - ERROR - This is an error message test
2025-01-20 01:20:57,605 - ERROR - This is an error message test
2025-01-20 02:40:03,534 - ERROR - This is an error message test
2025-01-20 02:42:44,149 - ERROR - This is an error message test
2025-01-20 02:48:22,571 - ERROR - This is an error message test
2025-01-20 02:50:41,223 - ERROR - This is an error message test
2025-01-20 02:59:58,177 - ERROR - This is an error message test
2025-01-20 03:01:13,237 - ERROR - This is an error message test
2025-01-20 03:02:40,888 - ERROR - This is an error message test
2025-01-20 03:07:45,762 - ERROR - This is an error message test
2025-01-20 03:19:27,236 - ERROR - This is an error message test
2025-01-20 03:22:44,782 - ERROR - This is an error message test
2025-01-20 03:24:42,826 - ERROR - This is an error message test
2025-01-20 03:25:08,481 - ERROR - This is an error message test
2025-01-20 03:37:43,301 - ERROR - This is an error message test
2025-01-20 03:41:22,085 - ERROR - This is an error message test
2025-01-20 03:53:48,346 - ERROR - This is an error message test
2025-01-20 04:01:16,433 - ERROR - This is an error message test
2025-01-21 00:11:36,148 - ERROR - This is an error message test
2025-01-21 01:35:09,457 - ERROR - This is an error message test
2025-01-21 05:17:08,514 - ERROR - This is an error message test
2025-01-21 06:29:49,374 - ERROR - This is an error message test
2025-01-21 06:31:51,251 - ERROR - This is an error message test
2025-01-21 07:00:37,103 - ERROR - This is an error message test
2025-01-21 09:33:53,757 - ERROR - This is an error message test
2025-01-21 09:36:36,419 - ERROR - This is an error message test
2025-01-21 09:37:20,139 - ERROR - This is an error message test
2025-01-21 09:39:02,982 - ERROR - This is an error message test
2025-01-21 22:53:29,853 - ERROR - This is an error message test
2025-01-21 23:47:14,037 - ERROR - This is an error message test
2025-01-21 23:50:13,410 - ERROR - This is an error message test
2025-01-21 23:55:29,904 - ERROR - This is an error message test
2025-01-22 00:00:11,713 - ERROR - This is an error message test
2025-01-22 02:41:34,678 - ERROR - This is an error message test
2025-01-22 04:55:23,858 - ERROR - This is an error message test
2025-01-23 00:40:40,565 - ERROR - This is an error message test
2025-01-23 00:45:10,616 - ERROR - This is an error message test
2025-01-23 00:56:19,694 - ERROR - This is an error message test
2025-01-23 01:16:43,724 - ERROR - This is an error message test
2025-01-23 03:08:07,633 - ERROR - This is an error message test
2025-01-23 03:24:14,673 - ERROR - This is an error message test
2025-01-23 03:39:41,890 - ERROR - This is an error message test
2025-01-23 04:04:52,479 - ERROR - This is an error message test
2025-01-23 04:07:47,432 - ERROR - This is an error message test
2025-01-23 04:09:20,047 - ERROR - This is an error message test
2025-01-23 04:10:30,842 - ERROR - This is an error message test
2025-01-23 04:10:40,074 - ERROR - This is an error message test
2025-01-23 04:13:40,882 - ERROR - This is an error message test
2025-01-23 04:14:39,932 - ERROR - This is an error message test
2025-01-23 04:15:17,194 - ERROR - This is an error message test
2025-01-23 04:17:11,552 - ERROR - This is an error message test
2025-01-23 04:20:49,924 - ERROR - This is an error message test
2025-01-23 04:21:12,005 - ERROR - This is an error message test
2025-01-23 04:22:14,309 - ERROR - This is an error message test
2025-01-23 04:23:26,802 - ERROR - This is an error message test
2025-01-23 04:23:48,553 - ERROR - This is an error message test
2025-01-23 04:29:00,754 - ERROR - This is an error message test
2025-01-23 04:29:52,829 - ERROR - This is an error message test
2025-01-23 04:34:21,138 - ERROR - This is an error message test
2025-01-23 04:45:45,397 - ERROR - This is an error message test
2025-01-23 04:47:14,783 - ERROR - This is an error message test
2025-01-23 04:47:39,008 - ERROR - This is an error message test
2025-01-23 04:51:06,172 - ERROR - This is an error message test
2025-01-23 09:39:43,701 - ERROR - This is an error message test
2025-01-23 18:46:53,655 - ERROR - This is an error message test
2025-01-24 00:17:17,512 - ERROR - This is an error message test
2025-01-24 00:38:22,219 - ERROR - This is an error message test
2025-01-24 01:15:59,077 - ERROR - This is an error message test
2025-01-24 01:50:07,450 - ERROR - This is an error message test
2025-01-24 06:54:27,133 - ERROR - This is an error message test
2025-01-24 06:55:01,599 - ERROR - This is an error message test
2025-01-24 06:55:55,015 - ERROR - This is an error message test
2025-01-24 06:57:28,309 - ERROR - This is an error message test
2025-01-24 06:58:01,104 - ERROR - This is an error message test
2025-01-24 08:38:43,804 - ERROR - This is an error message test
2025-01-24 08:39:13,579 - ERROR - This is an error message test
2025-01-24 08:39:42,834 - ERROR - This is an error message test
2025-01-24 08:40:21,858 - ERROR - This is an error message test
2025-01-24 08:41:09,137 - ERROR - This is an error message test
2025-01-24 08:42:37,972 - ERROR - This is an error message test
2025-01-24 08:44:00,687 - ERROR - This is an error message test
2025-01-24 08:48:37,685 - ERROR - This is an error message test
2025-01-24 08:53:10,790 - ERROR - This is an error message test
2025-01-24 08:53:53,453 - ERROR - This is an error message test
2025-01-24 08:56:25,831 - ERROR - This is an error message test
2025-01-24 08:58:18,166 - ERROR - This is an error message test
2025-01-24 22:53:01,206 - ERROR - This is an error message test
2025-01-24 22:59:07,416 - ERROR - This is an error message test
2025-01-24 23:00:14,425 - ERROR - This is an error message test
2025-01-24 23:03:16,644 - ERROR - This is an error message test
2025-01-24 23:25:16,489 - ERROR - This is an error message test
2025-01-24 23:28:40,387 - ERROR - This is an error message test
2025-01-24 23:37:03,864 - ERROR - This is an error message test
2025-01-24 23:42:20,158 - ERROR - This is an error message test
2025-01-24 23:43:46,633 - ERROR - This is an error message test
2025-01-24 23:53:03,787 - ERROR - This is an error message test
2025-01-24 23:54:56,886 - ERROR - This is an error message test
2025-01-24 23:55:19,573 - ERROR - This is an error message test
2025-01-24 23:55:49,953 - ERROR - This is an error message test
2025-01-24 23:55:54,877 - ERROR - This is an error message test
2025-01-25 00:00:51,381 - ERROR - This is an error message test
2025-01-25 00:02:15,905 - ERROR - This is an error message test
2025-01-25 00:23:08,829 - ERROR - This is an error message test
2025-01-25 00:35:48,513 - ERROR - This is an error message test
2025-01-25 02:20:24,582 - ERROR - This is an error message test
2025-01-25 06:33:45,579 - ERROR - This is an error message test
2025-01-25 06:40:43,227 - ERROR - This is an error message test
2025-01-25 06:44:26,509 - ERROR - This is an error message test
2025-01-25 06:55:23,425 - ERROR - This is an error message test
2025-01-25 08:46:16,801 - ERROR - This is an error message test
2025-01-25 08:47:16,019 - ERROR - This is an error message test
2025-01-25 08:49:30,794 - ERROR - This is an error message test
2025-01-25 08:59:42,435 - ERROR - This is an error message test
2025-01-25 09:01:22,255 - ERROR - This is an error message test
2025-01-25 09:04:27,221 - ERROR - This is an error message test
2025-01-25 09:04:52,350 - ERROR - This is an error message test
2025-01-25 09:08:06,617 - ERROR - This is an error message test
2025-01-25 09:08:57,235 - ERROR - This is an error message test
2025-01-25 09:09:42,109 - ERROR - This is an error message test
2025-01-25 09:10:14,573 - ERROR - This is an error message test
2025-01-25 09:10:50,538 - ERROR - This is an error message test
2025-01-25 09:11:27,588 - ERROR - This is an error message test
2025-01-25 09:12:16,853 - ERROR - This is an error message test
2025-01-25 09:13:16,574 - ERROR - This is an error message test
2025-01-25 09:13:50,173 - ERROR - This is an error message test
2025-01-25 22:58:31,050 - ERROR - This is an error message test
2025-01-25 23:01:37,162 - ERROR - This is an error message test
2025-01-25 23:01:59,381 - ERROR - This is an error message test
2025-01-25 23:05:19,754 - ERROR - This is an error message test
2025-01-25 23:16:56,831 - ERROR - This is an error message test
2025-01-25 23:23:17,412 - ERROR - This is an error message test
2025-01-25 23:26:34,683 - ERROR - This is an error message test
2025-01-25 23:53:53,088 - ERROR - This is an error message test
2025-01-25 23:54:18,831 - ERROR - This is an error message test
2025-01-25 23:57:39,828 - ERROR - This is an error message test
2025-01-25 23:59:10,515 - ERROR - This is an error message test
2025-01-26 00:05:02,922 - ERROR - This is an error message test
2025-01-26 00:06:34,440 - ERROR - This is an error message test
2025-01-26 00:07:44,702 - ERROR - This is an error message test
2025-01-26 00:08:44,782 - ERROR - This is an error message test
2025-01-26 00:39:38,665 - ERROR - This is an error message test
2025-01-26 00:42:10,371 - ERROR - This is an error message test
2025-01-26 00:43:28,523 - ERROR - This is an error message test
2025-01-26 00:47:26,600 - ERROR - This is an error message test
2025-01-26 03:14:39,233 - ERROR - This is an error message test
2025-01-26 03:14:51,375 - ERROR - This is an error message test
2025-01-26 03:15:03,871 - ERROR - This is an error message test
2025-01-26 03:17:57,653 - ERROR - This is an error message test
2025-01-26 03:19:27,087 - ERROR - This is an error message test
2025-01-26 03:19:54,741 - ERROR - This is an error message test
2025-01-26 03:28:11,655 - ERROR - This is an error message test
2025-01-26 03:30:30,314 - ERROR - This is an error message test
2025-01-26 03:32:34,096 - ERROR - This is an error message test
2025-01-26 03:33:18,471 - ERROR - This is an error message test
2025-01-26 03:34:11,465 - ERROR - This is an error message test
2025-01-26 03:39:29,795 - ERROR - This is an error message test
2025-01-26 04:33:10,884 - ERROR - This is an error message test
2025-01-26 04:46:01,309 - ERROR - This is an error message test
2025-01-26 05:04:22,521 - ERROR - This is an error message test
2025-01-26 05:06:27,766 - ERROR - This is an error message test
2025-01-26 05:16:58,750 - ERROR - This is an error message test
2025-01-26 05:23:21,725 - ERROR - This is an error message test
2025-01-26 05:25:26,581 - ERROR - This is an error message test
2025-01-26 05:34:55,561 - ERROR - This is an error message test
2025-01-26 05:38:33,516 - ERROR - This is an error message test
2025-01-26 05:45:11,240 - ERROR - This is an error message test
2025-01-26 05:47:20,014 - ERROR - This is an error message test
2025-01-26 05:48:55,333 - ERROR - This is an error message test
2025-01-26 06:00:02,659 - ERROR - This is an error message test
2025-01-26 06:12:05,481 - ERROR - This is an error message test
2025-01-26 06:12:48,683 - ERROR - This is an error message test
2025-01-26 06:23:32,697 - ERROR - This is an error message test
2025-01-26 09:25:28,666 - ERROR - This is an error message test
2025-01-26 09:25:48,898 - ERROR - This is an error message test
2025-01-26 09:27:28,073 - ERROR - This is an error message test
2025-01-26 09:27:58,551 - ERROR - This is an error message test
2025-01-26 09:32:18,675 - ERROR - This is an error message test
2025-01-26 10:14:23,844 - ERROR - This is an error message test
2025-01-26 10:15:08,958 - ERROR - This is an error message test
2025-01-26 10:16:03,104 - ERROR - This is an error message test
2025-01-26 10:16:40,823 - ERROR - This is an error message test
2025-01-26 22:36:21,230 - ERROR - This is an error message test
2025-01-26 22:36:37,225 - ERROR - This is an error message test
2025-01-26 22:37:52,744 - ERROR - This is an error message test
2025-01-26 22:50:19,117 - ERROR - This is an error message test
2025-01-26 22:57:25,475 - ERROR - This is an error message test
2025-01-26 23:55:18,379 - ERROR - This is an error message test
2025-01-27 02:35:21,275 - ERROR - This is an error message test
2025-01-27 02:38:08,804 - ERROR - This is an error message test
2025-01-27 02:42:08,026 - ERROR - This is an error message test
2025-01-27 02:42:35,553 - ERROR - This is an error message test
2025-01-27 02:44:00,454 - ERROR - This is an error message test
2025-01-27 02:44:26,773 - ERROR - This is an error message test
2025-01-27 18:25:50,510 - ERROR - This is an error message test
2025-01-27 18:26:53,730 - ERROR - This is an error message test
2025-01-27 18:30:08,504 - ERROR - This is an error message test
2025-01-27 18:54:15,960 - ERROR - This is an error message test
2025-01-27 18:57:57,634 - ERROR - This is an error message test
2025-01-27 19:01:10,518 - ERROR - This is an error message test
2025-01-27 19:02:02,506 - ERROR - This is an error message test
2025-01-27 19:02:38,538 - ERROR - This is an error message test
2025-01-27 19:05:22,668 - ERROR - This is an error message test
2025-01-27 19:06:07,371 - ERROR - This is an error message test
2025-01-27 19:06:31,041 - ERROR - This is an error message test
2025-01-27 19:06:50,541 - ERROR - This is an error message test
2025-01-27 19:09:20,444 - ERROR - This is an error message test
2025-01-27 19:10:03,169 - ERROR - This is an error message test
2025-01-27 19:16:05,821 - ERROR - This is an error message test
2025-01-27 19:21:55,469 - ERROR - This is an error message test
2025-01-27 20:28:26,672 - ERROR - This is an error message test
2025-01-27 21:13:48,689 - ERROR - This is an error message test
2025-01-27 21:16:00,976 - ERROR - This is an error message test
2025-01-27 21:16:31,132 - ERROR - This is an error message test
2025-01-27 21:17:12,476 - ERROR - This is an error message test
2025-01-27 21:34:50,033 - ERROR - This is an error message test
2025-01-27 21:44:39,336 - ERROR - This is an error message test
2025-01-27 21:58:47,420 - ERROR - This is an error message test
2025-01-27 22:00:03,371 - ERROR - This is an error message test
2025-01-27 22:01:35,801 - ERROR - This is an error message test
2025-01-27 22:02:45,828 - ERROR - This is an error message test
2025-01-27 22:06:19,137 - ERROR - This is an error message test
2025-01-27 22:33:34,706 - ERROR - This is an error message test
2025-01-27 22:48:56,807 - ERROR - This is an error message test
2025-01-28 00:07:39,029 - ERROR - This is an error message test
2025-01-28 06:52:37,885 - ERROR - This is an error message test
2025-01-30 00:20:39,223 - ERROR - This is an error message test
2025-01-30 00:50:19,989 - ERROR - This is an error message test
2025-01-30 01:04:41,505 - ERROR - This is an error message test
2025-01-30 04:21:15,120 - ERROR - This is an error message test
2025-01-30 04:22:02,967 - ERROR - This is an error message test
2025-01-30 04:26:34,208 - ERROR - This is an error message test
2025-01-30 04:29:51,295 - ERROR - This is an error message test
2025-01-30 04:30:14,078 - ERROR - This is an error message test
2025-01-30 04:30:29,905 - ERROR - This is an error message test
2025-01-31 02:20:34,125 - ERROR - This is an error message test
2025-01-31 04:25:23,625 - ERROR - This is an error message test
2025-01-31 06:33:10,040 - ERROR - This is an error message test
2025-01-31 06:38:18,976 - ERROR - This is an error message test
2025-01-31 06:38:29,406 - ERROR - This is an error message test
2025-01-31 06:38:42,424 - ERROR - This is an error message test
2025-02-01 02:24:19,580 - ERROR - This is an error message test
2025-02-01 02:26:14,399 - ERROR - This is an error message test
2025-02-01 02:35:52,979 - ERROR - This is an error message test
2025-02-01 02:46:49,949 - ERROR - This is an error message test
2025-02-01 03:04:19,453 - ERROR - This is an error message test
2025-02-01 03:29:10,655 - ERROR - This is an error message test
2025-02-01 04:09:13,872 - ERROR - This is an error message test
2025-02-01 04:11:16,181 - ERROR - This is an error message test
2025-02-01 04:13:37,127 - ERROR - This is an error message test
2025-02-01 04:22:29,234 - ERROR - This is an error message test
2025-02-01 04:38:55,267 - ERROR - This is an error message test
2025-02-02 01:04:20,621 - ERROR - This is an error message test
2025-02-02 01:09:22,990 - ERROR - This is an error message test
2025-02-02 01:42:01,009 - ERROR - This is an error message test
2025-02-02 03:35:07,647 - ERROR - This is an error message test
2025-02-02 03:35:42,778 - ERROR - This is an error message test
2025-02-02 03:42:18,893 - ERROR - This is an error message test
2025-02-02 03:47:02,064 - ERROR - This is an error message test
2025-02-02 03:47:51,132 - ERROR - This is an error message test
2025-02-02 03:50:25,938 - ERROR - This is an error message test
2025-02-02 03:52:54,380 - ERROR - This is an error message test
2025-02-02 03:54:05,741 - ERROR - This is an error message test
2025-02-02 03:54:10,680 - ERROR - This is an error message test
2025-02-02 03:55:40,604 - ERROR - This is an error message test
2025-02-02 04:08:13,472 - ERROR - This is an error message test
2025-02-02 04:10:47,097 - ERROR - This is an error message test
2025-02-02 04:31:34,663 - ERROR - This is an error message test
2025-02-02 04:36:53,992 - ERROR - This is an error message test
2025-02-02 04:38:54,221 - ERROR - This is an error message test
2025-02-02 04:56:16,862 - ERROR - This is an error message test
2025-02-02 04:56:20,004 - ERROR - This is an error message test
2025-02-02 23:54:35,213 - ERROR - This is an error message test
2025-02-03 06:16:52,469 - ERROR - This is an error message test
2025-02-03 06:17:30,193 - ERROR - This is an error message test
2025-02-03 06:19:06,191 - ERROR - This is an error message test
2025-02-03 06:22:02,381 - ERROR - This is an error message test
2025-02-04 02:39:43,832 - ERROR - This is an error message test
2025-02-04 02:40:48,628 - ERROR - This is an error message test
2025-02-04 03:42:29,034 - ERROR - This is an error message test
2025-02-04 03:45:27,303 - ERROR - This is an error message test
2025-02-04 03:47:37,629 - ERROR - This is an error message test
2025-02-04 03:50:26,260 - ERROR - This is an error message test
2025-02-04 03:50:43,641 - ERROR - This is an error message test
2025-02-04 03:54:03,095 - ERROR - This is an error message test
2025-02-04 03:56:02,997 - ERROR - This is an error message test
2025-02-04 04:01:53,040 - ERROR - This is an error message test
2025-02-04 04:03:08,996 - ERROR - This is an error message test
2025-02-04 04:03:43,288 - ERROR - This is an error message test
2025-02-04 04:06:39,035 - ERROR - This is an error message test
2025-02-04 04:09:17,536 - ERROR - This is an error message test
2025-02-04 04:09:35,894 - ERROR - This is an error message test
2025-02-04 04:38:02,812 - ERROR - This is an error message test
2025-02-04 04:47:36,789 - ERROR - This is an error message test
2025-02-04 04:50:33,266 - ERROR - This is an error message test
2025-02-04 04:51:47,573 - ERROR - This is an error message test
2025-02-04 04:57:32,657 - ERROR - This is an error message test
2025-02-04 04:59:31,466 - ERROR - This is an error message test
2025-02-04 04:59:47,500 - ERROR - This is an error message test
2025-02-04 05:01:32,243 - ERROR - This is an error message test
2025-02-04 05:18:45,546 - ERROR - This is an error message test
2025-02-04 05:28:37,524 - ERROR - This is an error message test
2025-02-04 05:31:02,159 - ERROR - This is an error message test
2025-02-05 23:24:24,571 - ERROR - This is an error message test
2025-02-06 00:59:27,403 - ERROR - This is an error message test
2025-02-06 03:00:53,000 - ERROR - This is an error message test
2025-02-06 03:01:58,056 - ERROR - This is an error message test
2025-02-06 03:03:28,625 - ERROR - This is an error message test
2025-02-06 03:04:43,173 - ERROR - This is an error message test
2025-02-06 03:15:36,118 - ERROR - This is an error message test
2025-02-06 03:19:36,929 - ERROR - This is an error message test
2025-02-06 03:39:45,811 - ERROR - This is an error message test
2025-02-06 04:09:36,719 - ERROR - This is an error message test
2025-02-06 04:11:39,941 - ERROR - This is an error message test
2025-02-06 04:12:17,782 - ERROR - This is an error message test
2025-02-06 04:19:13,472 - ERROR - This is an error message test
2025-02-06 04:31:25,792 - ERROR - This is an error message test
2025-02-06 04:33:18,917 - ERROR - This is an error message test
2025-02-06 04:48:23,157 - ERROR - This is an error message test
2025-02-06 04:56:32,768 - ERROR - This is an error message test
2025-02-06 06:13:30,714 - ERROR - This is an error message test
2025-02-06 06:15:40,224 - ERROR - This is an error message test
2025-02-06 06:18:30,764 - ERROR - This is an error message test
2025-02-06 06:22:58,286 - ERROR - This is an error message test
2025-02-08 02:19:47,226 - ERROR - This is an error message test
2025-02-08 02:21:31,027 - ERROR - This is an error message test
2025-02-08 02:22:07,636 - ERROR - This is an error message test
2025-02-08 02:23:57,891 - ERROR - This is an error message test
2025-02-08 02:31:48,642 - ERROR - This is an error message test
2025-02-08 03:14:47,734 - ERROR - This is an error message test
2025-02-08 03:16:12,547 - ERROR - This is an error message test
2025-02-08 03:17:10,024 - ERROR - This is an error message test
2025-02-08 03:17:31,893 - ERROR - This is an error message test
2025-02-08 03:18:07,886 - ERROR - This is an error message test
2025-02-08 03:23:21,286 - ERROR - This is an error message test
2025-02-08 03:34:48,251 - ERROR - This is an error message test
2025-02-08 03:36:02,214 - ERROR - This is an error message test
2025-02-08 03:36:48,807 - ERROR - This is an error message test
2025-02-08 03:39:57,568 - ERROR - This is an error message test
2025-02-08 03:40:17,670 - ERROR - This is an error message test
2025-02-08 03:40:24,605 - ERROR - Error retrieving clients: Query.order_by() being called on a Query which already has LIMIT or OFFSET applied.  Call order_by() before limit() or offset() are applied.
2025-02-08 03:40:26,965 - ERROR - Error retrieving clients: Query.order_by() being called on a Query which already has LIMIT or OFFSET applied.  Call order_by() before limit() or offset() are applied.
2025-02-08 03:41:04,730 - ERROR - This is an error message test
2025-02-08 03:41:04,781 - ERROR - Error retrieving clients: 'SINGLE' is not among the defined enum values. Enum name: maritalstatus. Possible values: Single, Married, Divorced, ..., Confidentia..
2025-02-08 03:41:53,397 - ERROR - This is an error message test
2025-02-08 03:41:54,895 - ERROR - Error retrieving clients: 'SINGLE' is not among the defined enum values. Enum name: maritalstatus. Possible values: Single, Married, Divorced, ..., Confidentia..
2025-02-08 03:42:20,600 - ERROR - This is an error message test
2025-02-08 03:45:18,187 - ERROR - This is an error message test
2025-02-08 03:47:11,928 - ERROR - This is an error message test
2025-02-08 03:49:57,332 - ERROR - This is an error message test
2025-02-08 03:51:41,385 - ERROR - This is an error message test
2025-02-08 03:54:06,142 - ERROR - This is an error message test
2025-02-08 06:48:06,433 - ERROR - This is an error message test
2025-02-08 06:51:50,891 - ERROR - This is an error message test
2025-02-18 04:30:35,054 - ERROR - This is an error message test
2025-02-18 10:11:36,678 - ERROR - This is an error message test
2025-02-18 10:12:23,627 - ERROR - This is an error message test
2025-02-18 10:15:00,623 - ERROR - This is an error message test
2025-02-18 10:20:01,018 - ERROR - This is an error message test
2025-02-18 10:21:35,856 - ERROR - This is an error message test
2025-02-18 11:21:05,303 - ERROR - This is an error message test
2025-02-18 11:41:02,777 - ERROR - This is an error message test
2025-02-18 11:43:16,131 - ERROR - This is an error message test
2025-02-18 11:44:40,758 - ERROR - This is an error message test
2025-02-22 06:47:03,841 - ERROR - This is an error message test
2025-02-22 06:54:27,724 - ERROR - This is an error message test
2025-02-24 02:53:53,416 - ERROR - This is an error message test
2025-02-24 03:08:21,533 - ERROR - This is an error message test
2025-02-24 03:12:12,993 - ERROR - This is an error message test
2025-02-24 03:46:19,979 - ERROR - This is an error message test
2025-02-24 04:04:10,831 - ERROR - This is an error message test
2025-02-24 04:09:02,163 - ERROR - This is an error message test
2025-02-24 04:09:33,821 - ERROR - This is an error message test
2025-02-24 04:10:14,261 - ERROR - This is an error message test
2025-02-24 04:10:54,786 - ERROR - This is an error message test
2025-02-24 04:11:30,721 - ERROR - This is an error message test
2025-02-24 14:31:22,759 - ERROR - This is an error message test
2025-02-25 02:36:56,732 - ERROR - This is an error message test
2025-02-25 13:02:38,623 - ERROR - This is an error message test
2025-02-25 13:48:24,153 - ERROR - This is an error message test
2025-02-25 13:48:39,494 - ERROR - This is an error message test
2025-02-25 13:48:46,199 - ERROR - This is an error message test
2025-02-25 13:48:51,642 - ERROR - This is an error message test
2025-02-25 13:51:35,487 - ERROR - This is an error message test
2025-02-25 13:52:20,898 - ERROR - This is an error message test
2025-02-25 13:53:24,092 - ERROR - This is an error message test
2025-02-25 13:55:32,983 - ERROR - This is an error message test
2025-02-25 14:11:39,157 - ERROR - This is an error message test
2025-02-25 14:11:48,674 - ERROR - This is an error message test
2025-02-25 14:12:27,840 - ERROR - This is an error message test
2025-02-25 14:12:32,485 - ERROR - This is an error message test
2025-02-25 14:13:21,008 - ERROR - This is an error message test
2025-02-25 14:13:31,224 - ERROR - This is an error message test
2025-02-25 14:14:18,416 - ERROR - This is an error message test
2025-02-25 14:14:40,355 - ERROR - This is an error message test
2025-02-25 14:14:49,163 - ERROR - This is an error message test
2025-02-25 14:27:58,777 - ERROR - This is an error message test
2025-02-25 14:29:24,672 - ERROR - This is an error message test
2025-02-25 14:36:41,721 - ERROR - This is an error message test
2025-02-25 14:42:37,406 - ERROR - This is an error message test
2025-02-26 01:26:49,029 - ERROR - This is an error message test
2025-02-26 01:27:20,180 - ERROR - This is an error message test
2025-02-26 03:39:55,492 - ERROR - This is an error message test
2025-02-26 03:44:22,435 - ERROR - This is an error message test
2025-02-26 03:46:14,344 - ERROR - This is an error message test
2025-02-26 03:55:41,852 - ERROR - This is an error message test
2025-02-26 04:08:32,413 - ERROR - This is an error message test
2025-02-26 04:13:18,614 - ERROR - This is an error message test
2025-02-26 04:20:11,540 - ERROR - This is an error message test
2025-02-26 04:24:05,750 - ERROR - This is an error message test
2025-02-26 04:24:40,473 - ERROR - This is an error message test
2025-02-26 04:27:27,308 - ERROR - This is an error message test
2025-02-26 04:31:05,180 - ERROR - This is an error message test
2025-02-26 05:24:05,737 - ERROR - This is an error message test
2025-02-26 05:25:04,721 - ERROR - This is an error message test
2025-02-27 03:29:58,499 - ERROR - This is an error message test
2025-02-27 03:34:53,235 - ERROR - This is an error message test
2025-02-27 03:36:28,903 - ERROR - This is an error message test
2025-02-27 03:38:44,432 - ERROR - This is an error message test
2025-02-27 03:39:36,985 - ERROR - This is an error message test
2025-02-27 03:44:27,480 - ERROR - This is an error message test
2025-02-27 05:01:38,996 - ERROR - This is an error message test
2025-02-27 05:08:13,968 - ERROR - This is an error message test
2025-02-27 05:13:07,861 - ERROR - This is an error message test
2025-02-27 05:14:04,411 - ERROR - This is an error message test
2025-02-27 06:30:12,734 - ERROR - This is an error message test
2025-02-27 06:30:39,335 - ERROR - This is an error message test
2025-02-27 12:20:45,505 - ERROR - This is an error message test
2025-02-28 00:05:43,689 - ERROR - This is an error message test
2025-02-28 00:19:02,677 - ERROR - This is an error message test
2025-02-28 04:01:52,324 - ERROR - This is an error message test
2025-02-28 04:03:42,522 - ERROR - This is an error message test
2025-02-28 10:50:45,074 - ERROR - This is an error message test
2025-03-01 02:33:04,497 - ERROR - This is an error message test
2025-03-01 03:29:27,685 - ERROR - This is an error message test
2025-03-01 03:36:09,764 - ERROR - This is an error message test
2025-03-01 03:36:16,117 - ERROR - This is an error message test
2025-03-01 03:37:59,999 - ERROR - This is an error message test
2025-03-01 03:38:07,633 - ERROR - This is an error message test
2025-03-01 03:40:35,593 - ERROR - This is an error message test
2025-03-01 03:41:33,176 - ERROR - This is an error message test
2025-03-01 03:42:20,591 - ERROR - This is an error message test
2025-03-01 03:52:00,116 - ERROR - This is an error message test
2025-03-01 03:57:00,737 - ERROR - This is an error message test
2025-03-01 03:57:46,448 - ERROR - This is an error message test
2025-03-01 04:14:05,413 - ERROR - This is an error message test
2025-03-01 04:14:48,090 - ERROR - This is an error message test
2025-03-01 04:40:18,465 - ERROR - This is an error message test
2025-03-01 04:45:42,207 - ERROR - This is an error message test
2025-03-01 04:46:27,882 - ERROR - This is an error message test
2025-03-01 04:54:19,189 - ERROR - This is an error message test
2025-03-01 04:56:29,382 - ERROR - This is an error message test
2025-03-01 05:04:57,222 - ERROR - This is an error message test
2025-03-01 05:07:47,694 - ERROR - This is an error message test
2025-03-02 02:30:30,234 - ERROR - This is an error message test
2025-03-02 02:37:54,412 - ERROR - This is an error message test
2025-03-02 02:54:27,056 - ERROR - This is an error message test
2025-03-02 02:57:23,312 - ERROR - This is an error message test
2025-03-02 02:59:44,243 - ERROR - This is an error message test
2025-03-02 03:34:01,979 - ERROR - This is an error message test
2025-03-02 04:48:58,658 - ERROR - This is an error message test
2025-03-03 02:37:49,715 - ERROR - This is an error message test
2025-03-03 08:49:13,656 - ERROR - This is an error message test
2025-03-03 08:51:10,066 - ERROR - This is an error message test
2025-03-04 01:44:22,198 - ERROR - This is an error message test
2025-03-04 02:23:13,547 - ERROR - This is an error message test
2025-03-04 02:26:08,277 - ERROR - This is an error message test
2025-03-04 02:30:11,468 - ERROR - This is an error message test
2025-03-04 02:31:39,173 - ERROR - This is an error message test
2025-03-04 02:43:08,470 - ERROR - This is an error message test
2025-03-04 02:52:14,382 - ERROR - This is an error message test
2025-03-04 03:00:59,799 - ERROR - This is an error message test
2025-03-04 03:01:29,314 - ERROR - This is an error message test
2025-03-04 03:10:37,927 - ERROR - This is an error message test
2025-03-04 03:17:29,167 - ERROR - This is an error message test
2025-03-04 03:25:14,548 - ERROR - This is an error message test
2025-03-04 03:39:41,120 - ERROR - This is an error message test
2025-03-04 03:48:09,466 - ERROR - This is an error message test
2025-03-04 03:50:31,648 - ERROR - This is an error message test
2025-03-04 04:23:17,378 - ERROR - This is an error message test
2025-03-04 04:23:45,565 - ERROR - This is an error message test
2025-03-04 04:24:15,633 - ERROR - This is an error message test
2025-03-04 04:25:21,985 - ERROR - This is an error message test
2025-03-04 04:25:51,025 - ERROR - This is an error message test
2025-03-04 04:26:27,980 - ERROR - This is an error message test
2025-03-04 04:35:29,608 - ERROR - This is an error message test
2025-03-04 04:48:28,540 - ERROR - This is an error message test
2025-03-04 04:50:34,519 - ERROR - This is an error message test
2025-03-04 04:54:14,936 - ERROR - This is an error message test
2025-03-04 05:11:03,520 - ERROR - This is an error message test
2025-03-04 06:05:23,425 - ERROR - This is an error message test
2025-03-04 06:05:46,158 - ERROR - This is an error message test
2025-03-04 06:07:48,114 - ERROR - This is an error message test
2025-03-04 10:16:06,191 - ERROR - This is an error message test
2025-03-04 10:16:37,911 - ERROR - This is an error message test
2025-03-04 10:17:57,478 - ERROR - This is an error message test
2025-03-04 10:26:30,130 - ERROR - This is an error message test
2025-03-04 10:28:31,723 - ERROR - This is an error message test
2025-03-05 04:49:05,979 - ERROR - This is an error message test
2025-03-05 04:50:13,845 - ERROR - This is an error message test
2025-03-05 04:54:23,938 - ERROR - This is an error message test
2025-03-05 06:07:33,943 - ERROR - This is an error message test
2025-03-05 06:08:39,183 - ERROR - This is an error message test
2025-03-05 06:11:32,505 - ERROR - This is an error message test
2025-03-05 06:43:57,144 - ERROR - This is an error message test
2025-03-05 06:44:05,578 - ERROR - This is an error message test
2025-03-05 06:59:39,281 - ERROR - This is an error message test
2025-03-05 07:00:42,277 - ERROR - This is an error message test
2025-03-05 07:01:13,491 - ERROR - This is an error message test
2025-03-05 07:04:36,128 - ERROR - This is an error message test
2025-03-05 07:06:14,380 - ERROR - This is an error message test
2025-03-05 07:06:50,834 - ERROR - This is an error message test
2025-03-05 07:10:42,429 - ERROR - This is an error message test
2025-03-05 07:13:17,526 - ERROR - This is an error message test
2025-03-08 16:30:46,008 - ERROR - This is an error message test
2025-03-08 16:34:20,508 - ERROR - This is an error message test
2025-03-09 02:30:48,890 - ERROR - This is an error message test
2025-03-09 02:56:41,480 - ERROR - This is an error message test
2025-03-09 03:00:10,563 - ERROR - This is an error message test
2025-03-09 03:29:41,563 - ERROR - This is an error message test
2025-03-09 07:01:10,074 - ERROR - This is an error message test
2025-03-09 07:02:04,779 - ERROR - This is an error message test
2025-03-09 23:29:42,676 - ERROR - This is an error message test
2025-03-09 23:42:35,156 - ERROR - This is an error message test
2025-03-09 23:43:45,333 - ERROR - This is an error message test
